<?xml version="1.0" encoding="UTF-8"?>
<!-- Generated by org.testng.reporters.JUnitReportReporter -->
<testsuite hostname="DESKTOP-PBCNC1S" failures="0" tests="2" name="testngconceptclearly.Facebook_POM" time="9.927" errors="0" timestamp="2023-12-27T09:51:50 IST" skipped="0">
  <testcase classname="testngconceptclearly.Facebook_POM" name="setup" time="5.787"/>
  <testcase classname="testngconceptclearly.Facebook_POM" name="login" time="4.140"/>
</testsuite> <!-- testngconceptclearly.Facebook_POM -->
