<?xml version="1.0" encoding="UTF-8"?>
<!-- Generated by org.testng.reporters.JUnitReportReporter -->
<testsuite hostname="DESKTOP-PBCNC1S" failures="0" tests="3" name="testngconceptclearly.Facebook_com" time="8.009" errors="0" timestamp="2023-12-26T11:09:43 IST" skipped="0">
  <testcase classname="testngconceptclearly.Facebook_com" name="Setup" time="7.260"/>
  <testcase classname="testngconceptclearly.Facebook_com" name="login" time="0.433"/>
  <testcase classname="testngconceptclearly.Facebook_com" name="teardown" time="0.316"/>
</testsuite> <!-- testngconceptclearly.Facebook_com -->
