<?xml version="1.0" encoding="UTF-8"?>
<!-- Generated by org.testng.reporters.JUnitReportReporter -->
<testsuite hostname="DESKTOP-PBCNC1S" failures="0" tests="2" name="testngconceptclearly.Checkingtestannatations" time="18.376" errors="0" timestamp="2023-12-25T12:28:01 IST" skipped="0">
  <testcase classname="testngconceptclearly.Checkingtestannatations" name="Set" time="15.883"/>
  <testcase classname="testngconceptclearly.Checkingtestannatations" name="Login" time="2.493"/>
</testsuite> <!-- testngconceptclearly.Checkingtestannatations -->
