<?xml version="1.0" encoding="UTF-8"?>
<!-- Generated by org.testng.reporters.JUnitReportReporter -->
<testsuite hostname="DESKTOP-PBCNC1S" failures="0" tests="3" name="testngconceptclearly.Forsuiteannatations" time="21.851" errors="0" timestamp="2023-12-25T12:16:26 IST" skipped="0">
  <testcase classname="testngconceptclearly.Forsuiteannatations" name="m2" time="3.120"/>
  <testcase classname="testngconceptclearly.Forsuiteannatations" name="m2" time="5.346"/>
  <testcase classname="testngconceptclearly.Forsuiteannatations" name="m1" time="13.385"/>
</testsuite> <!-- testngconceptclearly.Forsuiteannatations -->
