<?xml version="1.0" encoding="UTF-8"?>
<!-- Generated by org.testng.reporters.JUnitReportReporter -->
<testsuite hostname="DESKTOP-PBCNC1S" failures="0" tests="1" name="testngconceptclearly.Paralleltesting" time="7.112" errors="0" timestamp="2023-12-25T13:19:37 IST" skipped="0">
  <testcase classname="testngconceptclearly.Paralleltesting" name="Setup" time="7.112"/>
</testsuite> <!-- testngconceptclearly.Paralleltesting -->
