<?xml version="1.0" encoding="UTF-8"?>
<!-- Generated by org.testng.reporters.JUnitReportReporter -->
<testsuite hostname="DESKTOP-PBCNC1S" failures="0" tests="2" name="testngconceptclearly.Facebook_com" time="7.015" errors="0" timestamp="2023-12-30T20:56:38 IST" skipped="0">
  <testcase classname="testngconceptclearly.Facebook_com" name="Setup" time="6.669"/>
  <testcase classname="testngconceptclearly.Facebook_com" name="login" time="0.346"/>
</testsuite> <!-- testngconceptclearly.Facebook_com -->
